C51 COMPILER V9.60.0.0   LCD_INTERFACE                                                     10/28/2023 16:41:42 PAGE 1   


C51 COMPILER V9.60.0.0, COMPILATION OF MODULE LCD_INTERFACE
OBJECT MODULE PLACED IN .\Objects\lcd interface.obj
COMPILER INVOKED BY: C:\Keil_v5\C51\BIN\C51.EXE lcd interface.c OPTIMIZE(8,SPEED) BROWSE PRINT(.\Listings\lcd interface.
                    -lst) TABS(2) OBJECT(.\Objects\lcd interface.obj)

line level    source

   1          #include<reg51.h>
   2          sbit r1 = P1^0;
   3          sbit r2 = P1^1;
   4          sbit r3 = P1^2;
   5          sbit r4 = P1^3;
   6          sbit c1 = P1^4;
   7          sbit c2 = P1^5;
   8          sbit c3 = P1^6;
   9          sbit rs = P3^0;
  10          sbit rw = P3^1;
  11          sbit en = P3^2;
  12          sfr lcd = 0xa0;
  13          
  14          void lcdcmd(unsigned char);
  15          void lcddat(unsigned char);
  16          void delay();
  17          void delay1();
  18          
  19          void main() {
  20   1        unsigned char p2 = 0x100;
  21   1        lcdcmd(0x38);
  22   1        delay();
  23   1        lcdcmd(0x01);
  24   1        delay();
  25   1        lcdcmd(0x06);
  26   1        delay();
  27   1        lcdcmd(0x0c);
  28   1        delay();
  29   1        lcdcmd(0x81);
  30   1        delay();
  31   1        while(1) {
  32   2          r1 = 0;
  33   2          if(c1 == 0) {
  34   3            lcddat('1');
  35   3            delay();
  36   3            delay1();
  37   3          }
  38   2          if(c2 == 0) {
  39   3            lcddat('2');
  40   3            delay();
  41   3            delay1(); 
  42   3          }
  43   2          if(c3 == 0) {
  44   3            lcddat('3');
  45   3            delay();
  46   3            delay1(); 
  47   3          }
  48   2          r1 = 1; r2 = 0;
  49   2          if(c1 == 0) {
  50   3            lcddat('4');
  51   3            delay();
  52   3            delay1();
  53   3          }
  54   2          if(c2 == 0) {
C51 COMPILER V9.60.0.0   LCD_INTERFACE                                                     10/28/2023 16:41:42 PAGE 2   

  55   3            lcddat('5');
  56   3            delay();
  57   3            delay1(); 
  58   3          }
  59   2          if(c3 == 0) {
  60   3            lcddat('6');
  61   3            delay();
  62   3            delay1(); 
  63   3          }
  64   2          r3 = 1; r4 = 0;
  65   2          if(c1 == 0) {
  66   3            lcddat('*');
  67   3            delay();
  68   3            delay1();
  69   3          }
  70   2          if(c2 == 0) {
  71   3            lcddat('0');
  72   3            delay();
  73   3            delay1(); 
  74   3          }
  75   2          if(c3 == 0) {
  76   3            lcddat('#');
  77   3            delay();
  78   3            delay1(); 
  79   3          }
  80   2          r4 = 1;
  81   2        }
  82   1      }
  83          
  84          void lcdcmd(unsigned char val) {
  85   1        unsigned char p2 = val;
  86   1        rs = 0;
  87   1        rw = 0;
  88   1        en = 1;
  89   1        delay();
  90   1        en = 0;
  91   1      }
  92          
  93          void lcddat(unsigned char val) {
  94   1        unsigned char p2 = val;
  95   1        rs = 1;
  96   1        rw = 0;
  97   1        en = 1;
  98   1        delay();
  99   1        en = 0;
 100   1      }
 101          
 102          void delay() {
 103   1        unsigned int i;
 104   1        for (i=0; i<10000; i++) {}
 105   1      }
 106          
 107          void delay1() {
 108   1        unsigned int j, k;
 109   1        for (j=0; j<200; j++) {}
 110   1        for (k=0; k<200; k++) {}
 111   1      }


MODULE INFORMATION:   STATIC OVERLAYABLE
   CODE SIZE        =    256    ----
   CONSTANT SIZE    =   ----    ----
C51 COMPILER V9.60.0.0   LCD_INTERFACE                                                     10/28/2023 16:41:42 PAGE 3   

   XDATA SIZE       =   ----    ----
   PDATA SIZE       =   ----    ----
   DATA SIZE        =   ----       3
   IDATA SIZE       =   ----    ----
   BIT SIZE         =   ----    ----
END OF MODULE INFORMATION.


C51 COMPILATION COMPLETE.  0 WARNING(S),  0 ERROR(S)
