C51 COMPILER V9.60.0.0   SQUARE_WAVE                                                       10/07/2023 12:43:52 PAGE 1   


C51 COMPILER V9.60.0.0, COMPILATION OF MODULE SQUARE_WAVE
OBJECT MODULE PLACED IN .\Objects\Square Wave.obj
COMPILER INVOKED BY: C:\Keil_v5\C51\BIN\C51.EXE Square Wave.c OPTIMIZE(8,SPEED) BROWSE DEBUG OBJECTEXTEND PRINT(.\Listin
                    -gs\Square Wave.lst) TABS(2) OBJECT(.\Objects\Square Wave.obj)

line level    source

   1          #include <reg51.h>
   2          sbit pin = P1^0;
   3          main() {
   4   1        P1 = 0x00;
   5   1        TMOD = 0x10;
   6   1        loop:TL0 = 0x1F;
   7   1        TH0 = 0x0C;
   8   1        pin = 1;
   9   1        TR0 = 1;
  10   1        while(TF0 == 0)  {}
  11   1        TL0 = 0xAF; 
  12   1        TH0 = 0x3C;
  13   1        pin = 0;    
  14   1        while(TF0 == 0)  {}
  15   1        goto loop;
  16   1      }


MODULE INFORMATION:   STATIC OVERLAYABLE
   CODE SIZE        =     32    ----
   CONSTANT SIZE    =   ----    ----
   XDATA SIZE       =   ----    ----
   PDATA SIZE       =   ----    ----
   DATA SIZE        =   ----    ----
   IDATA SIZE       =   ----    ----
   BIT SIZE         =   ----    ----
END OF MODULE INFORMATION.


C51 COMPILATION COMPLETE.  0 WARNING(S),  0 ERROR(S)
